<?xml version="1.0" encoding="UTF-8" ?>
<testsuite errors="0" failures="0" hostname="MacBook-Pro.local" name="com.jwt.cms.wellnesscalendar.ActivityCategoryControllerTests" tests="1" time="1.37" timestamp="2010-04-17T22:10:42">
  <properties />
  <testcase classname="com.jwt.cms.wellnesscalendar.ActivityCategoryControllerTests" name="testSomething" time="1.369" />
  <system-out><![CDATA[--Output from testSomething--
]]></system-out>
  <system-err><![CDATA[--Output from testSomething--
]]></system-err>
</testsuite>
